<?xml version="1.0" encoding="UTF-8"?>
<!-- Generated by org.testng.reporters.JUnitReportReporter -->
<testsuite hostname="L-SFM38WDJC2" failures="0" tests="1" name="hotwire.testcases.ResultsValidation" time="28.083" errors="0" timestamp="16 Feb 2019 21:46:13 GMT">
  <testcase classname="hotwire.testcases.ResultsValidation" name="search" time="28.083"/>
</testsuite> <!-- hotwire.testcases.ResultsValidation -->
